1000000000 999995020
999999980 999995040
999999960 999995060
999999940 999995080
999999920 999995100
999999900 999995120
999999880 999995140
999999860 999995160
999999840 999995180
999999820 999995200
999999800 999995220
999999780 999995240
999999760 999995260
999999740 999995280
999999720 999995300
999999700 999995320
999999680 999995340
999999660 999995360
999999640 999995380
999999620 999995400
999999600 999995420
999999580 999995440
999999560 999995460
999999540 999995480
999999520 999995500
999999500 999995520
999999480 999995540
999999460 999995560
999999440 999995580
999999420 999995600
999999400 999995620
999999380 999995640
999999360 999995660
999999340 999995680
999999320 999995700
999999300 999995720
999999280 999995740
999999260 999995760
999999240 999995780
999999220 999995800
999999200 999995820
999999180 999995840
999999160 999995860
999999140 999995880
999999120 999995900
999999100 999995920
999999080 999995940
999999060 999995960
999999040 999995980
999999020 999996000
999999000 999996020
999998980 999996040
999998960 999996060
999998940 999996080
999998920 999996100
999998900 999996120
999998880 999996140
999998860 999996160
999998840 999996180
999998820 999996200
999998800 999996220
999998780 999996240
999998760 999996260
999998740 999996280
999998720 999996300
999998700 999996320
999998680 999996340
999998660 999996360
999998640 999996380
999998620 999996400
999998600 999996420
999998580 999996440
999998560 999996460
999998540 999996480
999998520 999996500
999998500 999996520
999998480 999996540
999998460 999996560
999998440 999996580
999998420 999996600
999998400 999996620
999998380 999996640
999998360 999996660
999998340 999996680
999998320 999996700
999998300 999996720
999998280 999996740
999998260 999996760
999998240 999996780
999998220 999996800
999998200 999996820
999998180 999996840
999998160 999996860
999998140 999996880
999998120 999996900
999998100 999996920
999998080 999996940
999998060 999996960
999998040 999996980
999998020 999997000
999998000 999997020
999997980 999997040
999997960 999997060
999997940 999997080
999997920 999997100
999997900 999997120
999997880 999997140
999997860 999997160
999997840 999997180
999997820 999997200
999997800 999997220
999997780 999997240
999997760 999997260
999997740 999997280
999997720 999997300
999997700 999997320
999997680 999997340
999997660 999997360
999997640 999997380
999997620 999997400
999997600 999997420
999997580 999997440
999997560 999997460
999997540 999997480
999997520 999997500
999997500 999997520
999997480 999997540
999997460 999997560
999997440 999997580
999997420 999997600
999997400 999997620
999997380 999997640
999997360 999997660
999997340 999997680
999997320 999997700
999997300 999997720
999997280 999997740
999997260 999997760
999997240 999997780
999997220 999997800
999997200 999997820
999997180 999997840
999997160 999997860
999997140 999997880
999997120 999997900
999997100 999997920
999997080 999997940
999997060 999997960
999997040 999997980
999997020 999998000
999997000 999998020
999996980 999998040
999996960 999998060
999996940 999998080
999996920 999998100
999996900 999998120
999996880 999998140
999996860 999998160
999996840 999998180
999996820 999998200
999996800 999998220
999996780 999998240
999996760 999998260
999996740 999998280
999996720 999998300
999996700 999998320
999996680 999998340
999996660 999998360
999996640 999998380
999996620 999998400
999996600 999998420
999996580 999998440
999996560 999998460
999996540 999998480
999996520 999998500
999996500 999998520
999996480 999998540
999996460 999998560
999996440 999998580
999996420 999998600
999996400 999998620
999996380 999998640
999996360 999998660
999996340 999998680
999996320 999998700
999996300 999998720
999996280 999998740
999996260 999998760
999996240 999998780
999996220 999998800
999996200 999998820
999996180 999998840
999996160 999998860
999996140 999998880
999996120 999998900
999996100 999998920
999996080 999998940
999996060 999998960
999996040 999998980
999996020 999999000
999996000 999999020
999995980 999999040
999995960 999999060
999995940 999999080
999995920 999999100
999995900 999999120
999995880 999999140
999995860 999999160
999995840 999999180
999995820 999999200
999995800 999999220
999995780 999999240
999995760 999999260
999995740 999999280
999995720 999999300
999995700 999999320
999995680 999999340
999995660 999999360
999995640 999999380
999995620 999999400
999995600 999999420
999995580 999999440
999995560 999999460
999995540 999999480
999995520 999999500
999995500 999999520
999995480 999999540
999995460 999999560
999995440 999999580
999995420 999999600
999995400 999999620
999995380 999999640
999995360 999999660
999995340 999999680
999995320 999999700
999995300 999999720
999995280 999999740
999995260 999999760
999995240 999999780
999995220 999999800
999995200 999999820
999995180 999999840
999995160 999999860
999995140 999999880
999995120 999999900
999995100 999999920
999995080 999999940
999995060 999999960
999995040 999999980
999995020 1000000000
